vite v5.4.21 building for production...
transforming...
Browserslist: browsers data (caniuse-lite) is 16 months old. Please run:
  npx update-browserslist-db@latest
  Why you should do it regularly: https://github.com/browserslist/update-db#readme

warn - The `content` option in your Tailwind CSS configuration is missing or empty.
warn - Configure your content sources or your generated CSS will be missing styles.
warn - https://tailwindcss.com/docs/content-configuration
✓ 3 modules transformed.
x Build failed in 734ms
error during build:
[vite:css] [postcss] /home/subhash.thakur.india/Projects/hptourism/homestay/client/src/index.css:1:1: The `border-border` class does not exist. If `border-border` is a custom class, make sure it is defined within a `@layer` directive.
file: /home/subhash.thakur.india/Projects/hptourism/homestay/client/src/index.css:1:0
    at Input.error (/home/subhash.thakur.india/Projects/hptourism/homestay/node_modules/postcss/lib/input.js:135:16)
    at AtRule.error (/home/subhash.thakur.india/Projects/hptourism/homestay/node_modules/postcss/lib/node.js:146:32)
    at processApply (/home/subhash.thakur.india/Projects/hptourism/homestay/node_modules/tailwindcss/lib/lib/expandApplyAtRules.js:380:29)
    at /home/subhash.thakur.india/Projects/hptourism/homestay/node_modules/tailwindcss/lib/lib/expandApplyAtRules.js:551:9
    at /home/subhash.thakur.india/Projects/hptourism/homestay/node_modules/tailwindcss/lib/processTailwindFeatures.js:55:50
    at async plugins (/home/subhash.thakur.india/Projects/hptourism/homestay/node_modules/tailwindcss/lib/plugin.js:38:17)
    at async LazyResult.runAsync (/home/subhash.thakur.india/Projects/hptourism/homestay/node_modules/postcss/lib/lazy-result.js:293:11)
    at async compileCSS (file:///home/subhash.thakur.india/Projects/hptourism/homestay/node_modules/vite/dist/node/chunks/dep-BK3b2jBa.js:36898:21)
    at async Object.transform (file:///home/subhash.thakur.india/Projects/hptourism/homestay/node_modules/vite/dist/node/chunks/dep-BK3b2jBa.js:36171:11)
    at async transform (file:///home/subhash.thakur.india/Projects/hptourism/homestay/node_modules/rollup/dist/es/shared/node-entry.js:21163:16)
